DLSODA-  At T (=R1) and step size H (=R2), the    
      corrector convergence failed repeatedly     
      or with ABS(H) = HMIN   
In above message, R1 = 99.6628, R2 = 9.16722e-07
 
DLSODA-  Warning..Internal T (=R1) and H (=R2) are
      such that in the machine, T + H = T on the next step  
     (H = step size). Solver will continue anyway.
In above message, R1 = 1, R2 = 1.25433e-22
 
DLSODA-  Warning..Internal T (=R1) and H (=R2) are
      such that in the machine, T + H = T on the next step  
     (H = step size). Solver will continue anyway.
In above message, R1 = 1, R2 = 5.66485e-23
 
DLSODA-  Warning..Internal T (=R1) and H (=R2) are
      such that in the machine, T + H = T on the next step  
     (H = step size). Solver will continue anyway.
In above message, R1 = 1, R2 = 1.13297e-22
 
DLSODA-  Warning..Internal T (=R1) and H (=R2) are
      such that in the machine, T + H = T on the next step  
     (H = step size). Solver will continue anyway.
In above message, R1 = 1, R2 = 1.13297e-22
 
DLSODA-  Warning..Internal T (=R1) and H (=R2) are
      such that in the machine, T + H = T on the next step  
     (H = step size). Solver will continue anyway.
In above message, R1 = 1, R2 = 1.13297e-22
 
DLSODA-  Warning..Internal T (=R1) and H (=R2) are
      such that in the machine, T + H = T on the next step  
     (H = step size). Solver will continue anyway.
In above message, R1 = 1, R2 = 9.99738e-22
 
DLSODA-  Warning..Internal T (=R1) and H (=R2) are
      such that in the machine, T + H = T on the next step  
     (H = step size). Solver will continue anyway.
In above message, R1 = 1, R2 = 9.99738e-22
 
DLSODA-  Warning..Internal T (=R1) and H (=R2) are
      such that in the machine, T + H = T on the next step  
     (H = step size). Solver will continue anyway.
In above message, R1 = 1, R2 = 9.99738e-22
 
DLSODA-  Warning..Internal T (=R1) and H (=R2) are
      such that in the machine, T + H = T on the next step  
     (H = step size). Solver will continue anyway.
In above message, R1 = 1, R2 = 9.99738e-22
 
DLSODA-  Warning..Internal T (=R1) and H (=R2) are
      such that in the machine, T + H = T on the next step  
     (H = step size). Solver will continue anyway.
In above message, R1 = 1, R2 = 1.30026e-21
 
DLSODA-  Above warning has been issued I1 times.  
     It will not be issued again for this problem.
In above message, I1 = 10
 
DLSODA-  At T (=R1) and step size H (=R2), the    
      corrector convergence failed repeatedly     
      or with ABS(H) = HMIN   
In above message, R1 = 5.35317, R2 = 9.16752e-07
 
DLSODA-  Warning..Internal T (=R1) and H (=R2) are
      such that in the machine, T + H = T on the next step  
     (H = step size). Solver will continue anyway.
In above message, R1 = 1, R2 = 1.86886e-23
 
DLSODA-  Warning..Internal T (=R1) and H (=R2) are
      such that in the machine, T + H = T on the next step  
     (H = step size). Solver will continue anyway.
In above message, R1 = 1, R2 = 8.73565e-24
 
DLSODA-  Warning..Internal T (=R1) and H (=R2) are
      such that in the machine, T + H = T on the next step  
     (H = step size). Solver will continue anyway.
In above message, R1 = 1, R2 = 1.74713e-23
 
DLSODA-  Warning..Internal T (=R1) and H (=R2) are
      such that in the machine, T + H = T on the next step  
     (H = step size). Solver will continue anyway.
In above message, R1 = 1, R2 = 1.74713e-23
 
DLSODA-  Warning..Internal T (=R1) and H (=R2) are
      such that in the machine, T + H = T on the next step  
     (H = step size). Solver will continue anyway.
In above message, R1 = 1, R2 = 1.74713e-23
 
DLSODA-  Warning..Internal T (=R1) and H (=R2) are
      such that in the machine, T + H = T on the next step  
     (H = step size). Solver will continue anyway.
In above message, R1 = 1, R2 = 1.56856e-22
 
DLSODA-  Warning..Internal T (=R1) and H (=R2) are
      such that in the machine, T + H = T on the next step  
     (H = step size). Solver will continue anyway.
In above message, R1 = 1, R2 = 1.56856e-22
 
DLSODA-  Warning..Internal T (=R1) and H (=R2) are
      such that in the machine, T + H = T on the next step  
     (H = step size). Solver will continue anyway.
In above message, R1 = 1, R2 = 1.56856e-22
 
DLSODA-  Warning..Internal T (=R1) and H (=R2) are
      such that in the machine, T + H = T on the next step  
     (H = step size). Solver will continue anyway.
In above message, R1 = 1, R2 = 1.56856e-22
 
DLSODA-  Warning..Internal T (=R1) and H (=R2) are
      such that in the machine, T + H = T on the next step  
     (H = step size). Solver will continue anyway.
In above message, R1 = 1, R2 = 2.05201e-22
 
DLSODA-  Above warning has been issued I1 times.  
     It will not be issued again for this problem.
In above message, I1 = 10
 
DLSODA-  At T (=R1) and step size H (=R2), the    
      corrector convergence failed repeatedly     
      or with ABS(H) = HMIN   
In above message, R1 = 5.39649, R2 = 9.24151e-07
 
DLSODA-  Warning..Internal T (=R1) and H (=R2) are
      such that in the machine, T + H = T on the next step  
     (H = step size). Solver will continue anyway.
In above message, R1 = 1, R2 = 5.06439e-23
 
DLSODA-  Warning..Internal T (=R1) and H (=R2) are
      such that in the machine, T + H = T on the next step  
     (H = step size). Solver will continue anyway.
In above message, R1 = 1, R2 = 2.25569e-23
 
DLSODA-  Warning..Internal T (=R1) and H (=R2) are
      such that in the machine, T + H = T on the next step  
     (H = step size). Solver will continue anyway.
In above message, R1 = 1, R2 = 4.51138e-23
 
DLSODA-  Warning..Internal T (=R1) and H (=R2) are
      such that in the machine, T + H = T on the next step  
     (H = step size). Solver will continue anyway.
In above message, R1 = 1, R2 = 4.51138e-23
 
DLSODA-  Warning..Internal T (=R1) and H (=R2) are
      such that in the machine, T + H = T on the next step  
     (H = step size). Solver will continue anyway.
In above message, R1 = 1, R2 = 4.51138e-23
 
DLSODA-  Warning..Internal T (=R1) and H (=R2) are
      such that in the machine, T + H = T on the next step  
     (H = step size). Solver will continue anyway.
In above message, R1 = 1, R2 = 3.95335e-22
 
DLSODA-  Warning..Internal T (=R1) and H (=R2) are
      such that in the machine, T + H = T on the next step  
     (H = step size). Solver will continue anyway.
In above message, R1 = 1, R2 = 3.95335e-22
 
DLSODA-  Warning..Internal T (=R1) and H (=R2) are
      such that in the machine, T + H = T on the next step  
     (H = step size). Solver will continue anyway.
In above message, R1 = 1, R2 = 3.95335e-22
 
DLSODA-  Warning..Internal T (=R1) and H (=R2) are
      such that in the machine, T + H = T on the next step  
     (H = step size). Solver will continue anyway.
In above message, R1 = 1, R2 = 3.95335e-22
 
DLSODA-  Warning..Internal T (=R1) and H (=R2) are
      such that in the machine, T + H = T on the next step  
     (H = step size). Solver will continue anyway.
In above message, R1 = 1, R2 = 5.1297e-22
 
DLSODA-  Above warning has been issued I1 times.  
     It will not be issued again for this problem.
In above message, I1 = 10
 
DLSODA-  At T (=R1) and step size H (=R2), the    
      corrector convergence failed repeatedly     
      or with ABS(H) = HMIN   
In above message, R1 = 4.43392, R2 = 8.1758e-07
 
DLSODA-  Warning..Internal T (=R1) and H (=R2) are
      such that in the machine, T + H = T on the next step  
     (H = step size). Solver will continue anyway.
In above message, R1 = 1, R2 = 5.56938e-22
 
DLSODA-  Warning..Internal T (=R1) and H (=R2) are
      such that in the machine, T + H = T on the next step  
     (H = step size). Solver will continue anyway.
In above message, R1 = 1, R2 = 2.21739e-22
 
DLSODA-  Warning..Internal T (=R1) and H (=R2) are
      such that in the machine, T + H = T on the next step  
     (H = step size). Solver will continue anyway.
In above message, R1 = 1, R2 = 4.43478e-22
 
DLSODA-  Warning..Internal T (=R1) and H (=R2) are
      such that in the machine, T + H = T on the next step  
     (H = step size). Solver will continue anyway.
In above message, R1 = 1, R2 = 4.43478e-22
 
DLSODA-  Warning..Internal T (=R1) and H (=R2) are
      such that in the machine, T + H = T on the next step  
     (H = step size). Solver will continue anyway.
In above message, R1 = 1, R2 = 4.43478e-22
 
DLSODA-  Warning..Internal T (=R1) and H (=R2) are
      such that in the machine, T + H = T on the next step  
     (H = step size). Solver will continue anyway.
In above message, R1 = 1, R2 = 3.67501e-21
 
DLSODA-  Warning..Internal T (=R1) and H (=R2) are
      such that in the machine, T + H = T on the next step  
     (H = step size). Solver will continue anyway.
In above message, R1 = 1, R2 = 3.67501e-21
 
DLSODA-  Warning..Internal T (=R1) and H (=R2) are
      such that in the machine, T + H = T on the next step  
     (H = step size). Solver will continue anyway.
In above message, R1 = 1, R2 = 3.67501e-21
 
DLSODA-  Warning..Internal T (=R1) and H (=R2) are
      such that in the machine, T + H = T on the next step  
     (H = step size). Solver will continue anyway.
In above message, R1 = 1, R2 = 3.67501e-21
 
DLSODA-  Warning..Internal T (=R1) and H (=R2) are
      such that in the machine, T + H = T on the next step  
     (H = step size). Solver will continue anyway.
In above message, R1 = 1, R2 = 4.67861e-21
 
DLSODA-  Above warning has been issued I1 times.  
     It will not be issued again for this problem.
In above message, I1 = 10
 
DLSODA-  At T (=R1) and step size H (=R2), the    
      corrector convergence failed repeatedly     
      or with ABS(H) = HMIN   
In above message, R1 = 5.0575, R2 = 9.09548e-07
 
DLSODA-  Warning..Internal T (=R1) and H (=R2) are
      such that in the machine, T + H = T on the next step  
     (H = step size). Solver will continue anyway.
In above message, R1 = 1, R2 = 3.10591e-26
 
DLSODA-  Warning..Internal T (=R1) and H (=R2) are
      such that in the machine, T + H = T on the next step  
     (H = step size). Solver will continue anyway.
In above message, R1 = 1, R2 = 1.64665e-26
 
DLSODA-  Warning..Internal T (=R1) and H (=R2) are
      such that in the machine, T + H = T on the next step  
     (H = step size). Solver will continue anyway.
In above message, R1 = 1, R2 = 3.29329e-26
 
DLSODA-  Warning..Internal T (=R1) and H (=R2) are
      such that in the machine, T + H = T on the next step  
     (H = step size). Solver will continue anyway.
In above message, R1 = 1, R2 = 3.29329e-26
 
DLSODA-  Warning..Internal T (=R1) and H (=R2) are
      such that in the machine, T + H = T on the next step  
     (H = step size). Solver will continue anyway.
In above message, R1 = 1, R2 = 3.29329e-26
 
DLSODA-  Warning..Internal T (=R1) and H (=R2) are
      such that in the machine, T + H = T on the next step  
     (H = step size). Solver will continue anyway.
In above message, R1 = 1, R2 = 3.29329e-25
 
DLSODA-  Warning..Internal T (=R1) and H (=R2) are
      such that in the machine, T + H = T on the next step  
     (H = step size). Solver will continue anyway.
In above message, R1 = 1, R2 = 3.29329e-25
 
DLSODA-  Warning..Internal T (=R1) and H (=R2) are
      such that in the machine, T + H = T on the next step  
     (H = step size). Solver will continue anyway.
In above message, R1 = 1, R2 = 3.29329e-25
 
DLSODA-  Warning..Internal T (=R1) and H (=R2) are
      such that in the machine, T + H = T on the next step  
     (H = step size). Solver will continue anyway.
In above message, R1 = 1, R2 = 3.29329e-25
 
DLSODA-  Warning..Internal T (=R1) and H (=R2) are
      such that in the machine, T + H = T on the next step  
     (H = step size). Solver will continue anyway.
In above message, R1 = 1, R2 = 4.68166e-25
 
DLSODA-  Above warning has been issued I1 times.  
     It will not be issued again for this problem.
In above message, I1 = 10
 
DLSODA-  At T (=R1) and step size H (=R2), the    
      corrector convergence failed repeatedly     
      or with ABS(H) = HMIN   
In above message, R1 = 5.3553, R2 = 9.16772e-07
 
DLSODA-  Warning..Internal T (=R1) and H (=R2) are
      such that in the machine, T + H = T on the next step  
     (H = step size). Solver will continue anyway.
In above message, R1 = 1, R2 = 2.95728e-19
 
DLSODA-  Warning..Internal T (=R1) and H (=R2) are
      such that in the machine, T + H = T on the next step  
     (H = step size). Solver will continue anyway.
In above message, R1 = 1, R2 = 7.05803e-20
 
DLSODA-  Warning..Internal T (=R1) and H (=R2) are
      such that in the machine, T + H = T on the next step  
     (H = step size). Solver will continue anyway.
In above message, R1 = 1, R2 = 1.41161e-19
 
DLSODA-  Warning..Internal T (=R1) and H (=R2) are
      such that in the machine, T + H = T on the next step  
     (H = step size). Solver will continue anyway.
In above message, R1 = 1, R2 = 1.41161e-19
 
DLSODA-  Warning..Internal T (=R1) and H (=R2) are
      such that in the machine, T + H = T on the next step  
     (H = step size). Solver will continue anyway.
In above message, R1 = 1, R2 = 1.41161e-19
 
DLSODA-  Warning..Internal T (=R1) and H (=R2) are
      such that in the machine, T + H = T on the next step  
     (H = step size). Solver will continue anyway.
In above message, R1 = 1, R2 = 9.113e-19
 
DLSODA-  Warning..Internal T (=R1) and H (=R2) are
      such that in the machine, T + H = T on the next step  
     (H = step size). Solver will continue anyway.
In above message, R1 = 1, R2 = 9.113e-19
 
DLSODA-  Warning..Internal T (=R1) and H (=R2) are
      such that in the machine, T + H = T on the next step  
     (H = step size). Solver will continue anyway.
In above message, R1 = 1, R2 = 9.113e-19
 
DLSODA-  Warning..Internal T (=R1) and H (=R2) are
      such that in the machine, T + H = T on the next step  
     (H = step size). Solver will continue anyway.
In above message, R1 = 1, R2 = 9.113e-19
 
DLSODA-  Warning..Internal T (=R1) and H (=R2) are
      such that in the machine, T + H = T on the next step  
     (H = step size). Solver will continue anyway.
In above message, R1 = 1, R2 = 1.05782e-18
 
DLSODA-  Above warning has been issued I1 times.  
     It will not be issued again for this problem.
In above message, I1 = 10
 
DLSODA-  At T (=R1) and step size H (=R2), the    
      corrector convergence failed repeatedly     
      or with ABS(H) = HMIN   
In above message, R1 = 5.39688, R2 = 9.24158e-07
 
DLSODA-  Warning..Internal T (=R1) and H (=R2) are
      such that in the machine, T + H = T on the next step  
     (H = step size). Solver will continue anyway.
In above message, R1 = 1, R2 = 1.1464e-24
 
DLSODA-  Warning..Internal T (=R1) and H (=R2) are
      such that in the machine, T + H = T on the next step  
     (H = step size). Solver will continue anyway.
In above message, R1 = 1, R2 = 5.33557e-25
 
DLSODA-  Warning..Internal T (=R1) and H (=R2) are
      such that in the machine, T + H = T on the next step  
     (H = step size). Solver will continue anyway.
In above message, R1 = 1, R2 = 1.06711e-24
 
DLSODA-  Warning..Internal T (=R1) and H (=R2) are
      such that in the machine, T + H = T on the next step  
     (H = step size). Solver will continue anyway.
In above message, R1 = 1, R2 = 1.06711e-24
 
DLSODA-  Warning..Internal T (=R1) and H (=R2) are
      such that in the machine, T + H = T on the next step  
     (H = step size). Solver will continue anyway.
In above message, R1 = 1, R2 = 1.06711e-24
 
DLSODA-  Warning..Internal T (=R1) and H (=R2) are
      such that in the machine, T + H = T on the next step  
     (H = step size). Solver will continue anyway.
In above message, R1 = 1, R2 = 9.55959e-24
 
DLSODA-  Warning..Internal T (=R1) and H (=R2) are
      such that in the machine, T + H = T on the next step  
     (H = step size). Solver will continue anyway.
In above message, R1 = 1, R2 = 9.55959e-24
 
DLSODA-  Warning..Internal T (=R1) and H (=R2) are
      such that in the machine, T + H = T on the next step  
     (H = step size). Solver will continue anyway.
In above message, R1 = 1, R2 = 9.55959e-24
 
DLSODA-  Warning..Internal T (=R1) and H (=R2) are
      such that in the machine, T + H = T on the next step  
     (H = step size). Solver will continue anyway.
In above message, R1 = 1, R2 = 9.55959e-24
 
DLSODA-  Warning..Internal T (=R1) and H (=R2) are
      such that in the machine, T + H = T on the next step  
     (H = step size). Solver will continue anyway.
In above message, R1 = 1, R2 = 1.24967e-23
 
DLSODA-  Above warning has been issued I1 times.  
     It will not be issued again for this problem.
In above message, I1 = 10
 
DLSODA-  At T (=R1) and step size H (=R2), the    
      corrector convergence failed repeatedly     
      or with ABS(H) = HMIN   
In above message, R1 = 2.63449, R2 = 6.54636e-07
 
DLSODA-  Warning..Internal T (=R1) and H (=R2) are
      such that in the machine, T + H = T on the next step  
     (H = step size). Solver will continue anyway.
In above message, R1 = 1, R2 = 1.69661e-25
 
DLSODA-  Warning..Internal T (=R1) and H (=R2) are
      such that in the machine, T + H = T on the next step  
     (H = step size). Solver will continue anyway.
In above message, R1 = 1, R2 = 8.25144e-26
 
DLSODA-  Warning..Internal T (=R1) and H (=R2) are
      such that in the machine, T + H = T on the next step  
     (H = step size). Solver will continue anyway.
In above message, R1 = 1, R2 = 1.65029e-25
 
DLSODA-  Warning..Internal T (=R1) and H (=R2) are
      such that in the machine, T + H = T on the next step  
     (H = step size). Solver will continue anyway.
In above message, R1 = 1, R2 = 1.65029e-25
 
DLSODA-  Warning..Internal T (=R1) and H (=R2) are
      such that in the machine, T + H = T on the next step  
     (H = step size). Solver will continue anyway.
In above message, R1 = 1, R2 = 1.65029e-25
 
DLSODA-  Warning..Internal T (=R1) and H (=R2) are
      such that in the machine, T + H = T on the next step  
     (H = step size). Solver will continue anyway.
In above message, R1 = 1, R2 = 1.51284e-24
 
DLSODA-  Warning..Internal T (=R1) and H (=R2) are
      such that in the machine, T + H = T on the next step  
     (H = step size). Solver will continue anyway.
In above message, R1 = 1, R2 = 1.51284e-24
 
DLSODA-  Warning..Internal T (=R1) and H (=R2) are
      such that in the machine, T + H = T on the next step  
     (H = step size). Solver will continue anyway.
In above message, R1 = 1, R2 = 1.51284e-24
 
DLSODA-  Warning..Internal T (=R1) and H (=R2) are
      such that in the machine, T + H = T on the next step  
     (H = step size). Solver will continue anyway.
In above message, R1 = 1, R2 = 1.51284e-24
 
DLSODA-  Warning..Internal T (=R1) and H (=R2) are
      such that in the machine, T + H = T on the next step  
     (H = step size). Solver will continue anyway.
In above message, R1 = 1, R2 = 1.99407e-24
 
DLSODA-  Above warning has been issued I1 times.  
     It will not be issued again for this problem.
In above message, I1 = 10
 
DLSODA-  At T (=R1) and step size H (=R2), the    
      corrector convergence failed repeatedly     
      or with ABS(H) = HMIN   
In above message, R1 = 5.36332, R2 = 9.23647e-07
 
DLSODA-  Warning..Internal T (=R1) and H (=R2) are
      such that in the machine, T + H = T on the next step  
     (H = step size). Solver will continue anyway.
In above message, R1 = 1, R2 = 5.82089e-22
 
DLSODA-  Warning..Internal T (=R1) and H (=R2) are
      such that in the machine, T + H = T on the next step  
     (H = step size). Solver will continue anyway.
In above message, R1 = 1, R2 = 2.01418e-22
 
DLSODA-  Warning..Internal T (=R1) and H (=R2) are
      such that in the machine, T + H = T on the next step  
     (H = step size). Solver will continue anyway.
In above message, R1 = 1, R2 = 4.02836e-22
 
DLSODA-  Warning..Internal T (=R1) and H (=R2) are
      such that in the machine, T + H = T on the next step  
     (H = step size). Solver will continue anyway.
In above message, R1 = 1, R2 = 4.02836e-22
 
DLSODA-  Warning..Internal T (=R1) and H (=R2) are
      such that in the machine, T + H = T on the next step  
     (H = step size). Solver will continue anyway.
In above message, R1 = 1, R2 = 4.02836e-22
 
DLSODA-  Warning..Internal T (=R1) and H (=R2) are
      such that in the machine, T + H = T on the next step  
     (H = step size). Solver will continue anyway.
In above message, R1 = 1, R2 = 3.1142e-21
 
DLSODA-  Warning..Internal T (=R1) and H (=R2) are
      such that in the machine, T + H = T on the next step  
     (H = step size). Solver will continue anyway.
In above message, R1 = 1, R2 = 3.1142e-21
 
DLSODA-  Warning..Internal T (=R1) and H (=R2) are
      such that in the machine, T + H = T on the next step  
     (H = step size). Solver will continue anyway.
In above message, R1 = 1, R2 = 3.1142e-21
 
DLSODA-  Warning..Internal T (=R1) and H (=R2) are
      such that in the machine, T + H = T on the next step  
     (H = step size). Solver will continue anyway.
In above message, R1 = 1, R2 = 3.1142e-21
 
DLSODA-  Warning..Internal T (=R1) and H (=R2) are
      such that in the machine, T + H = T on the next step  
     (H = step size). Solver will continue anyway.
In above message, R1 = 1, R2 = 3.86933e-21
 
DLSODA-  Above warning has been issued I1 times.  
     It will not be issued again for this problem.
In above message, I1 = 10
 
DLSODA-  At T (=R1) and step size H (=R2), the    
      corrector convergence failed repeatedly     
      or with ABS(H) = HMIN   
In above message, R1 = 5.36893, R2 = 9.16895e-07
 
DLSODA-  Warning..Internal T (=R1) and H (=R2) are
      such that in the machine, T + H = T on the next step  
     (H = step size). Solver will continue anyway.
In above message, R1 = 1, R2 = 5.67579e-26
 
DLSODA-  Warning..Internal T (=R1) and H (=R2) are
      such that in the machine, T + H = T on the next step  
     (H = step size). Solver will continue anyway.
In above message, R1 = 1, R2 = 2.74758e-26
 
DLSODA-  Warning..Internal T (=R1) and H (=R2) are
      such that in the machine, T + H = T on the next step  
     (H = step size). Solver will continue anyway.
In above message, R1 = 1, R2 = 5.49517e-26
 
DLSODA-  Warning..Internal T (=R1) and H (=R2) are
      such that in the machine, T + H = T on the next step  
     (H = step size). Solver will continue anyway.
In above message, R1 = 1, R2 = 5.49517e-26
 
DLSODA-  Warning..Internal T (=R1) and H (=R2) are
      such that in the machine, T + H = T on the next step  
     (H = step size). Solver will continue anyway.
In above message, R1 = 1, R2 = 5.49517e-26
 
DLSODA-  Warning..Internal T (=R1) and H (=R2) are
      such that in the machine, T + H = T on the next step  
     (H = step size). Solver will continue anyway.
In above message, R1 = 1, R2 = 5.0243e-25
 
DLSODA-  Warning..Internal T (=R1) and H (=R2) are
      such that in the machine, T + H = T on the next step  
     (H = step size). Solver will continue anyway.
In above message, R1 = 1, R2 = 5.0243e-25
 
DLSODA-  Warning..Internal T (=R1) and H (=R2) are
      such that in the machine, T + H = T on the next step  
     (H = step size). Solver will continue anyway.
In above message, R1 = 1, R2 = 5.0243e-25
 
DLSODA-  Warning..Internal T (=R1) and H (=R2) are
      such that in the machine, T + H = T on the next step  
     (H = step size). Solver will continue anyway.
In above message, R1 = 1, R2 = 5.0243e-25
 
DLSODA-  Warning..Internal T (=R1) and H (=R2) are
      such that in the machine, T + H = T on the next step  
     (H = step size). Solver will continue anyway.
In above message, R1 = 1, R2 = 6.61566e-25
 
DLSODA-  Above warning has been issued I1 times.  
     It will not be issued again for this problem.
In above message, I1 = 10
 
DLSODA-  At T (=R1) and step size H (=R2), the    
      corrector convergence failed repeatedly     
      or with ABS(H) = HMIN   
In above message, R1 = 5.34757, R2 = 9.16699e-07
 
DLSODA-  Warning..Internal T (=R1) and H (=R2) are
      such that in the machine, T + H = T on the next step  
     (H = step size). Solver will continue anyway.
In above message, R1 = 1, R2 = 9.51791e-25
 
DLSODA-  Warning..Internal T (=R1) and H (=R2) are
      such that in the machine, T + H = T on the next step  
     (H = step size). Solver will continue anyway.
In above message, R1 = 1, R2 = 4.20936e-25
 
DLSODA-  Warning..Internal T (=R1) and H (=R2) are
      such that in the machine, T + H = T on the next step  
     (H = step size). Solver will continue anyway.
In above message, R1 = 1, R2 = 8.41872e-25
 
DLSODA-  Warning..Internal T (=R1) and H (=R2) are
      such that in the machine, T + H = T on the next step  
     (H = step size). Solver will continue anyway.
In above message, R1 = 1, R2 = 8.41872e-25
 
DLSODA-  Warning..Internal T (=R1) and H (=R2) are
      such that in the machine, T + H = T on the next step  
     (H = step size). Solver will continue anyway.
In above message, R1 = 1, R2 = 8.41872e-25
 
DLSODA-  Warning..Internal T (=R1) and H (=R2) are
      such that in the machine, T + H = T on the next step  
     (H = step size). Solver will continue anyway.
In above message, R1 = 1, R2 = 7.35131e-24
 
DLSODA-  Warning..Internal T (=R1) and H (=R2) are
      such that in the machine, T + H = T on the next step  
     (H = step size). Solver will continue anyway.
In above message, R1 = 1, R2 = 7.35131e-24
 
DLSODA-  Warning..Internal T (=R1) and H (=R2) are
      such that in the machine, T + H = T on the next step  
     (H = step size). Solver will continue anyway.
In above message, R1 = 1, R2 = 7.35131e-24
 
DLSODA-  Warning..Internal T (=R1) and H (=R2) are
      such that in the machine, T + H = T on the next step  
     (H = step size). Solver will continue anyway.
In above message, R1 = 1, R2 = 7.35131e-24
 
DLSODA-  Warning..Internal T (=R1) and H (=R2) are
      such that in the machine, T + H = T on the next step  
     (H = step size). Solver will continue anyway.
In above message, R1 = 1, R2 = 9.52736e-24
 
DLSODA-  Above warning has been issued I1 times.  
     It will not be issued again for this problem.
In above message, I1 = 10
 
DLSODA-  At T (=R1) and step size H (=R2), the    
      corrector convergence failed repeatedly     
      or with ABS(H) = HMIN   
In above message, R1 = 5.37856, R2 = 9.23827e-07
 
DLSODA-  Warning..Internal T (=R1) and H (=R2) are
      such that in the machine, T + H = T on the next step  
     (H = step size). Solver will continue anyway.
In above message, R1 = 1, R2 = 6.5629e-23
 
DLSODA-  Warning..Internal T (=R1) and H (=R2) are
      such that in the machine, T + H = T on the next step  
     (H = step size). Solver will continue anyway.
In above message, R1 = 1, R2 = 2.29619e-23
 
DLSODA-  Warning..Internal T (=R1) and H (=R2) are
      such that in the machine, T + H = T on the next step  
     (H = step size). Solver will continue anyway.
In above message, R1 = 1, R2 = 4.59238e-23
 
DLSODA-  Warning..Internal T (=R1) and H (=R2) are
      such that in the machine, T + H = T on the next step  
     (H = step size). Solver will continue anyway.
In above message, R1 = 1, R2 = 4.59238e-23
 
DLSODA-  Warning..Internal T (=R1) and H (=R2) are
      such that in the machine, T + H = T on the next step  
     (H = step size). Solver will continue anyway.
In above message, R1 = 1, R2 = 4.59238e-23
 
DLSODA-  Warning..Internal T (=R1) and H (=R2) are
      such that in the machine, T + H = T on the next step  
     (H = step size). Solver will continue anyway.
In above message, R1 = 1, R2 = 3.56965e-22
 
DLSODA-  Warning..Internal T (=R1) and H (=R2) are
      such that in the machine, T + H = T on the next step  
     (H = step size). Solver will continue anyway.
In above message, R1 = 1, R2 = 3.56965e-22
 
DLSODA-  Warning..Internal T (=R1) and H (=R2) are
      such that in the machine, T + H = T on the next step  
     (H = step size). Solver will continue anyway.
In above message, R1 = 1, R2 = 3.56965e-22
 
DLSODA-  Warning..Internal T (=R1) and H (=R2) are
      such that in the machine, T + H = T on the next step  
     (H = step size). Solver will continue anyway.
In above message, R1 = 1, R2 = 3.56965e-22
 
DLSODA-  Warning..Internal T (=R1) and H (=R2) are
      such that in the machine, T + H = T on the next step  
     (H = step size). Solver will continue anyway.
In above message, R1 = 1, R2 = 4.44384e-22
 
DLSODA-  Above warning has been issued I1 times.  
     It will not be issued again for this problem.
In above message, I1 = 10
 
DLSODA-  At T (=R1) and step size H (=R2), the    
      corrector convergence failed repeatedly     
      or with ABS(H) = HMIN   
In above message, R1 = 2.49984, R2 = 7.67439e-07
 
DLSODA-  Warning..Internal T (=R1) and H (=R2) are
      such that in the machine, T + H = T on the next step  
     (H = step size). Solver will continue anyway.
In above message, R1 = 1, R2 = 6.63546e-27
 
DLSODA-  Warning..Internal T (=R1) and H (=R2) are
      such that in the machine, T + H = T on the next step  
     (H = step size). Solver will continue anyway.
In above message, R1 = 1, R2 = 3.26939e-27
 
DLSODA-  Warning..Internal T (=R1) and H (=R2) are
      such that in the machine, T + H = T on the next step  
     (H = step size). Solver will continue anyway.
In above message, R1 = 1, R2 = 6.53879e-27
 
DLSODA-  Warning..Internal T (=R1) and H (=R2) are
      such that in the machine, T + H = T on the next step  
     (H = step size). Solver will continue anyway.
In above message, R1 = 1, R2 = 6.53879e-27
 
DLSODA-  Warning..Internal T (=R1) and H (=R2) are
      such that in the machine, T + H = T on the next step  
     (H = step size). Solver will continue anyway.
In above message, R1 = 1, R2 = 6.53879e-27
 
DLSODA-  Warning..Internal T (=R1) and H (=R2) are
      such that in the machine, T + H = T on the next step  
     (H = step size). Solver will continue anyway.
In above message, R1 = 1, R2 = 6.04252e-26
 
DLSODA-  Warning..Internal T (=R1) and H (=R2) are
      such that in the machine, T + H = T on the next step  
     (H = step size). Solver will continue anyway.
In above message, R1 = 1, R2 = 6.04252e-26
 
DLSODA-  Warning..Internal T (=R1) and H (=R2) are
      such that in the machine, T + H = T on the next step  
     (H = step size). Solver will continue anyway.
In above message, R1 = 1, R2 = 6.04252e-26
 
DLSODA-  Warning..Internal T (=R1) and H (=R2) are
      such that in the machine, T + H = T on the next step  
     (H = step size). Solver will continue anyway.
In above message, R1 = 1, R2 = 6.04252e-26
 
DLSODA-  Warning..Internal T (=R1) and H (=R2) are
      such that in the machine, T + H = T on the next step  
     (H = step size). Solver will continue anyway.
In above message, R1 = 1, R2 = 7.99297e-26
 
DLSODA-  Above warning has been issued I1 times.  
     It will not be issued again for this problem.
In above message, I1 = 10
 
DLSODA-  At T (=R1) and step size H (=R2), the    
      corrector convergence failed repeatedly     
      or with ABS(H) = HMIN   
In above message, R1 = 3.00142, R2 = 6.40484e-07
 
DLSODA-  Warning..Internal T (=R1) and H (=R2) are
      such that in the machine, T + H = T on the next step  
     (H = step size). Solver will continue anyway.
In above message, R1 = 1, R2 = 2.17195e-28
 
DLSODA-  Warning..Internal T (=R1) and H (=R2) are
      such that in the machine, T + H = T on the next step  
     (H = step size). Solver will continue anyway.
In above message, R1 = 1, R2 = 1.60253e-28
 
DLSODA-  Warning..Internal T (=R1) and H (=R2) are
      such that in the machine, T + H = T on the next step  
     (H = step size). Solver will continue anyway.
In above message, R1 = 1, R2 = 3.20506e-28
 
DLSODA-  Warning..Internal T (=R1) and H (=R2) are
      such that in the machine, T + H = T on the next step  
     (H = step size). Solver will continue anyway.
In above message, R1 = 1, R2 = 3.20506e-28
 
DLSODA-  Warning..Internal T (=R1) and H (=R2) are
      such that in the machine, T + H = T on the next step  
     (H = step size). Solver will continue anyway.
In above message, R1 = 1, R2 = 3.20506e-28
 
DLSODA-  Warning..Internal T (=R1) and H (=R2) are
      such that in the machine, T + H = T on the next step  
     (H = step size). Solver will continue anyway.
In above message, R1 = 1, R2 = 3.20506e-27
 
DLSODA-  Warning..Internal T (=R1) and H (=R2) are
      such that in the machine, T + H = T on the next step  
     (H = step size). Solver will continue anyway.
In above message, R1 = 1, R2 = 3.20506e-27
 
DLSODA-  Warning..Internal T (=R1) and H (=R2) are
      such that in the machine, T + H = T on the next step  
     (H = step size). Solver will continue anyway.
In above message, R1 = 1, R2 = 3.20506e-27
 
DLSODA-  Warning..Internal T (=R1) and H (=R2) are
      such that in the machine, T + H = T on the next step  
     (H = step size). Solver will continue anyway.
In above message, R1 = 1, R2 = 2.37006e-27
 
DLSODA-  Warning..Internal T (=R1) and H (=R2) are
      such that in the machine, T + H = T on the next step  
     (H = step size). Solver will continue anyway.
In above message, R1 = 1, R2 = 2.37006e-27
 
DLSODA-  Above warning has been issued I1 times.  
     It will not be issued again for this problem.
In above message, I1 = 10
 
DLSODA-  At T (=R1) and step size H (=R2), the    
      corrector convergence failed repeatedly     
      or with ABS(H) = HMIN   
In above message, R1 = 2.46204, R2 = 6.5241e-07
 
DLSODA-  Warning..Internal T (=R1) and H (=R2) are
      such that in the machine, T + H = T on the next step  
     (H = step size). Solver will continue anyway.
In above message, R1 = 1, R2 = 1.70545e-25
 
DLSODA-  Warning..Internal T (=R1) and H (=R2) are
      such that in the machine, T + H = T on the next step  
     (H = step size). Solver will continue anyway.
In above message, R1 = 1, R2 = 7.85404e-26
 
DLSODA-  Warning..Internal T (=R1) and H (=R2) are
      such that in the machine, T + H = T on the next step  
     (H = step size). Solver will continue anyway.
In above message, R1 = 1, R2 = 1.57081e-25
 
DLSODA-  Warning..Internal T (=R1) and H (=R2) are
      such that in the machine, T + H = T on the next step  
     (H = step size). Solver will continue anyway.
In above message, R1 = 1, R2 = 1.57081e-25
 
DLSODA-  Warning..Internal T (=R1) and H (=R2) are
      such that in the machine, T + H = T on the next step  
     (H = step size). Solver will continue anyway.
In above message, R1 = 1, R2 = 1.57081e-25
 
DLSODA-  Warning..Internal T (=R1) and H (=R2) are
      such that in the machine, T + H = T on the next step  
     (H = step size). Solver will continue anyway.
In above message, R1 = 1, R2 = 1.39972e-24
 
DLSODA-  Warning..Internal T (=R1) and H (=R2) are
      such that in the machine, T + H = T on the next step  
     (H = step size). Solver will continue anyway.
In above message, R1 = 1, R2 = 1.39972e-24
 
DLSODA-  Warning..Internal T (=R1) and H (=R2) are
      such that in the machine, T + H = T on the next step  
     (H = step size). Solver will continue anyway.
In above message, R1 = 1, R2 = 1.39972e-24
 
DLSODA-  Warning..Internal T (=R1) and H (=R2) are
      such that in the machine, T + H = T on the next step  
     (H = step size). Solver will continue anyway.
In above message, R1 = 1, R2 = 1.39972e-24
 
DLSODA-  Warning..Internal T (=R1) and H (=R2) are
      such that in the machine, T + H = T on the next step  
     (H = step size). Solver will continue anyway.
In above message, R1 = 1, R2 = 1.82649e-24
 
DLSODA-  Above warning has been issued I1 times.  
     It will not be issued again for this problem.
In above message, I1 = 10
 
DLSODA-  At T (=R1) and step size H (=R2), the    
      corrector convergence failed repeatedly     
      or with ABS(H) = HMIN   
In above message, R1 = 2.80426, R2 = 6.52914e-07
 
DLSODA-  Warning..Internal T (=R1) and H (=R2) are
      such that in the machine, T + H = T on the next step  
     (H = step size). Solver will continue anyway.
In above message, R1 = 1, R2 = 1.46799e-25
 
DLSODA-  Warning..Internal T (=R1) and H (=R2) are
      such that in the machine, T + H = T on the next step  
     (H = step size). Solver will continue anyway.
In above message, R1 = 1, R2 = 6.79868e-26
 
DLSODA-  Warning..Internal T (=R1) and H (=R2) are
      such that in the machine, T + H = T on the next step  
     (H = step size). Solver will continue anyway.
In above message, R1 = 1, R2 = 1.35974e-25
 
DLSODA-  Warning..Internal T (=R1) and H (=R2) are
      such that in the machine, T + H = T on the next step  
     (H = step size). Solver will continue anyway.
In above message, R1 = 1, R2 = 1.35974e-25
 
DLSODA-  Warning..Internal T (=R1) and H (=R2) are
      such that in the machine, T + H = T on the next step  
     (H = step size). Solver will continue anyway.
In above message, R1 = 1, R2 = 1.35974e-25
 
DLSODA-  Warning..Internal T (=R1) and H (=R2) are
      such that in the machine, T + H = T on the next step  
     (H = step size). Solver will continue anyway.
In above message, R1 = 1, R2 = 1.21507e-24
 
DLSODA-  Warning..Internal T (=R1) and H (=R2) are
      such that in the machine, T + H = T on the next step  
     (H = step size). Solver will continue anyway.
In above message, R1 = 1, R2 = 1.21507e-24
 
DLSODA-  Warning..Internal T (=R1) and H (=R2) are
      such that in the machine, T + H = T on the next step  
     (H = step size). Solver will continue anyway.
In above message, R1 = 1, R2 = 1.21507e-24
 
DLSODA-  Warning..Internal T (=R1) and H (=R2) are
      such that in the machine, T + H = T on the next step  
     (H = step size). Solver will continue anyway.
In above message, R1 = 1, R2 = 1.21507e-24
 
DLSODA-  Warning..Internal T (=R1) and H (=R2) are
      such that in the machine, T + H = T on the next step  
     (H = step size). Solver will continue anyway.
In above message, R1 = 1, R2 = 1.58706e-24
 
DLSODA-  Above warning has been issued I1 times.  
     It will not be issued again for this problem.
In above message, I1 = 10
 
DLSODA-  At T (=R1) and step size H (=R2), the    
      corrector convergence failed repeatedly     
      or with ABS(H) = HMIN   
In above message, R1 = 3.92428, R2 = 6.51748e-07
 
DLSODA-  Warning..Internal T (=R1) and H (=R2) are
      such that in the machine, T + H = T on the next step  
     (H = step size). Solver will continue anyway.
In above message, R1 = 1, R2 = 6.99761e-25
 
DLSODA-  Warning..Internal T (=R1) and H (=R2) are
      such that in the machine, T + H = T on the next step  
     (H = step size). Solver will continue anyway.
In above message, R1 = 1, R2 = 3.06706e-25
 
DLSODA-  Warning..Internal T (=R1) and H (=R2) are
      such that in the machine, T + H = T on the next step  
     (H = step size). Solver will continue anyway.
In above message, R1 = 1, R2 = 6.13411e-25
 
DLSODA-  Warning..Internal T (=R1) and H (=R2) are
      such that in the machine, T + H = T on the next step  
     (H = step size). Solver will continue anyway.
In above message, R1 = 1, R2 = 6.13411e-25
 
DLSODA-  Warning..Internal T (=R1) and H (=R2) are
      such that in the machine, T + H = T on the next step  
     (H = step size). Solver will continue anyway.
In above message, R1 = 1, R2 = 6.13411e-25
 
DLSODA-  Warning..Internal T (=R1) and H (=R2) are
      such that in the machine, T + H = T on the next step  
     (H = step size). Solver will continue anyway.
In above message, R1 = 1, R2 = 5.33239e-24
 
DLSODA-  Warning..Internal T (=R1) and H (=R2) are
      such that in the machine, T + H = T on the next step  
     (H = step size). Solver will continue anyway.
In above message, R1 = 1, R2 = 5.33239e-24
 
DLSODA-  Warning..Internal T (=R1) and H (=R2) are
      such that in the machine, T + H = T on the next step  
     (H = step size). Solver will continue anyway.
In above message, R1 = 1, R2 = 5.33239e-24
 
DLSODA-  Warning..Internal T (=R1) and H (=R2) are
      such that in the machine, T + H = T on the next step  
     (H = step size). Solver will continue anyway.
In above message, R1 = 1, R2 = 5.33239e-24
 
DLSODA-  Warning..Internal T (=R1) and H (=R2) are
      such that in the machine, T + H = T on the next step  
     (H = step size). Solver will continue anyway.
In above message, R1 = 1, R2 = 6.90035e-24
 
DLSODA-  Above warning has been issued I1 times.  
     It will not be issued again for this problem.
In above message, I1 = 10
 
DLSODA-  At T (=R1) and step size H (=R2), the    
      corrector convergence failed repeatedly     
      or with ABS(H) = HMIN   
In above message, R1 = 6.4918, R2 = 9.24991e-07
 
DLSODA-  Warning..Internal T (=R1) and H (=R2) are
      such that in the machine, T + H = T on the next step  
     (H = step size). Solver will continue anyway.
In above message, R1 = 1, R2 = 6.60082e-24
 
DLSODA-  Warning..Internal T (=R1) and H (=R2) are
      such that in the machine, T + H = T on the next step  
     (H = step size). Solver will continue anyway.
In above message, R1 = 1, R2 = 2.49561e-24
 
DLSODA-  Warning..Internal T (=R1) and H (=R2) are
      such that in the machine, T + H = T on the next step  
     (H = step size). Solver will continue anyway.
In above message, R1 = 1, R2 = 4.99122e-24
 
DLSODA-  Warning..Internal T (=R1) and H (=R2) are
      such that in the machine, T + H = T on the next step  
     (H = step size). Solver will continue anyway.
In above message, R1 = 1, R2 = 4.99122e-24
 
DLSODA-  Warning..Internal T (=R1) and H (=R2) are
      such that in the machine, T + H = T on the next step  
     (H = step size). Solver will continue anyway.
In above message, R1 = 1, R2 = 4.99122e-24
 
DLSODA-  Warning..Internal T (=R1) and H (=R2) are
      such that in the machine, T + H = T on the next step  
     (H = step size). Solver will continue anyway.
In above message, R1 = 1, R2 = 4.03131e-23
 
DLSODA-  Warning..Internal T (=R1) and H (=R2) are
      such that in the machine, T + H = T on the next step  
     (H = step size). Solver will continue anyway.
In above message, R1 = 1, R2 = 4.03131e-23
 
DLSODA-  Warning..Internal T (=R1) and H (=R2) are
      such that in the machine, T + H = T on the next step  
     (H = step size). Solver will continue anyway.
In above message, R1 = 1, R2 = 4.03131e-23
 
DLSODA-  Warning..Internal T (=R1) and H (=R2) are
      such that in the machine, T + H = T on the next step  
     (H = step size). Solver will continue anyway.
In above message, R1 = 1, R2 = 4.03131e-23
 
DLSODA-  Warning..Internal T (=R1) and H (=R2) are
      such that in the machine, T + H = T on the next step  
     (H = step size). Solver will continue anyway.
In above message, R1 = 1, R2 = 5.08676e-23
 
DLSODA-  Above warning has been issued I1 times.  
     It will not be issued again for this problem.
In above message, I1 = 10
 
DLSODA-  At T (=R1) and step size H (=R2), the    
      corrector convergence failed repeatedly     
      or with ABS(H) = HMIN   
In above message, R1 = 5.34611, R2 = 9.16684e-07
 
DLSODA-  Warning..Internal T (=R1) and H (=R2) are
      such that in the machine, T + H = T on the next step  
     (H = step size). Solver will continue anyway.
In above message, R1 = 1, R2 = 3.26124e-22
 
DLSODA-  Warning..Internal T (=R1) and H (=R2) are
      such that in the machine, T + H = T on the next step  
     (H = step size). Solver will continue anyway.
In above message, R1 = 1, R2 = 9.11055e-23
 
DLSODA-  Warning..Internal T (=R1) and H (=R2) are
      such that in the machine, T + H = T on the next step  
     (H = step size). Solver will continue anyway.
In above message, R1 = 1, R2 = 1.82211e-22
 
DLSODA-  Warning..Internal T (=R1) and H (=R2) are
      such that in the machine, T + H = T on the next step  
     (H = step size). Solver will continue anyway.
In above message, R1 = 1, R2 = 1.82211e-22
 
DLSODA-  Warning..Internal T (=R1) and H (=R2) are
      such that in the machine, T + H = T on the next step  
     (H = step size). Solver will continue anyway.
In above message, R1 = 1, R2 = 1.82211e-22
 
DLSODA-  Warning..Internal T (=R1) and H (=R2) are
      such that in the machine, T + H = T on the next step  
     (H = step size). Solver will continue anyway.
In above message, R1 = 1, R2 = 1.26861e-21
 
DLSODA-  Warning..Internal T (=R1) and H (=R2) are
      such that in the machine, T + H = T on the next step  
     (H = step size). Solver will continue anyway.
In above message, R1 = 1, R2 = 1.26861e-21
 
DLSODA-  Warning..Internal T (=R1) and H (=R2) are
      such that in the machine, T + H = T on the next step  
     (H = step size). Solver will continue anyway.
In above message, R1 = 1, R2 = 1.26861e-21
 
DLSODA-  Warning..Internal T (=R1) and H (=R2) are
      such that in the machine, T + H = T on the next step  
     (H = step size). Solver will continue anyway.
In above message, R1 = 1, R2 = 1.26861e-21
 
DLSODA-  Warning..Internal T (=R1) and H (=R2) are
      such that in the machine, T + H = T on the next step  
     (H = step size). Solver will continue anyway.
In above message, R1 = 1, R2 = 1.5167e-21
 
DLSODA-  Above warning has been issued I1 times.  
     It will not be issued again for this problem.
In above message, I1 = 10
 
DLSODA-  At T (=R1) and step size H (=R2), the    
      corrector convergence failed repeatedly     
      or with ABS(H) = HMIN   
In above message, R1 = 5.3807, R2 = 9.23863e-07
 
DLSODA-  Warning..Internal T (=R1) and H (=R2) are
      such that in the machine, T + H = T on the next step  
     (H = step size). Solver will continue anyway.
In above message, R1 = 1, R2 = 1.92792e-29
 
DLSODA-  Warning..Internal T (=R1) and H (=R2) are
      such that in the machine, T + H = T on the next step  
     (H = step size). Solver will continue anyway.
In above message, R1 = 1, R2 = 1.31612e-29
 
DLSODA-  Warning..Internal T (=R1) and H (=R2) are
      such that in the machine, T + H = T on the next step  
     (H = step size). Solver will continue anyway.
In above message, R1 = 1, R2 = 2.63225e-29
 
DLSODA-  Warning..Internal T (=R1) and H (=R2) are
      such that in the machine, T + H = T on the next step  
     (H = step size). Solver will continue anyway.
In above message, R1 = 1, R2 = 2.63225e-29
 
DLSODA-  Warning..Internal T (=R1) and H (=R2) are
      such that in the machine, T + H = T on the next step  
     (H = step size). Solver will continue anyway.
In above message, R1 = 1, R2 = 2.63225e-29
 
DLSODA-  Warning..Internal T (=R1) and H (=R2) are
      such that in the machine, T + H = T on the next step  
     (H = step size). Solver will continue anyway.
In above message, R1 = 1, R2 = 2.63225e-28
 
DLSODA-  Warning..Internal T (=R1) and H (=R2) are
      such that in the machine, T + H = T on the next step  
     (H = step size). Solver will continue anyway.
In above message, R1 = 1, R2 = 2.63225e-28
 
DLSODA-  Warning..Internal T (=R1) and H (=R2) are
      such that in the machine, T + H = T on the next step  
     (H = step size). Solver will continue anyway.
In above message, R1 = 1, R2 = 2.63225e-28
 
DLSODA-  Warning..Internal T (=R1) and H (=R2) are
      such that in the machine, T + H = T on the next step  
     (H = step size). Solver will continue anyway.
In above message, R1 = 1, R2 = 2.63225e-28
 
DLSODA-  Warning..Internal T (=R1) and H (=R2) are
      such that in the machine, T + H = T on the next step  
     (H = step size). Solver will continue anyway.
In above message, R1 = 1, R2 = 3.70722e-28
 
DLSODA-  Above warning has been issued I1 times.  
     It will not be issued again for this problem.
In above message, I1 = 10
 
DLSODA-  At T (=R1) and step size H (=R2), the    
      corrector convergence failed repeatedly     
      or with ABS(H) = HMIN   
In above message, R1 = 4.56185, R2 = 6.43209e-07
 
DLSODA-  Warning..Internal T (=R1) and H (=R2) are
      such that in the machine, T + H = T on the next step  
     (H = step size). Solver will continue anyway.
In above message, R1 = 1, R2 = 1.27823e-23
 
DLSODA-  Warning..Internal T (=R1) and H (=R2) are
      such that in the machine, T + H = T on the next step  
     (H = step size). Solver will continue anyway.
In above message, R1 = 1, R2 = 4.17448e-24
 
DLSODA-  Warning..Internal T (=R1) and H (=R2) are
      such that in the machine, T + H = T on the next step  
     (H = step size). Solver will continue anyway.
In above message, R1 = 1, R2 = 8.34896e-24
 
DLSODA-  Warning..Internal T (=R1) and H (=R2) are
      such that in the machine, T + H = T on the next step  
     (H = step size). Solver will continue anyway.
In above message, R1 = 1, R2 = 8.34896e-24
 
DLSODA-  Warning..Internal T (=R1) and H (=R2) are
      such that in the machine, T + H = T on the next step  
     (H = step size). Solver will continue anyway.
In above message, R1 = 1, R2 = 8.34896e-24
 
DLSODA-  Warning..Internal T (=R1) and H (=R2) are
      such that in the machine, T + H = T on the next step  
     (H = step size). Solver will continue anyway.
In above message, R1 = 1, R2 = 6.27319e-23
 
DLSODA-  Warning..Internal T (=R1) and H (=R2) are
      such that in the machine, T + H = T on the next step  
     (H = step size). Solver will continue anyway.
In above message, R1 = 1, R2 = 6.27319e-23
 
DLSODA-  Warning..Internal T (=R1) and H (=R2) are
      such that in the machine, T + H = T on the next step  
     (H = step size). Solver will continue anyway.
In above message, R1 = 1, R2 = 6.27319e-23
 
DLSODA-  Warning..Internal T (=R1) and H (=R2) are
      such that in the machine, T + H = T on the next step  
     (H = step size). Solver will continue anyway.
In above message, R1 = 1, R2 = 6.27319e-23
 
DLSODA-  Warning..Internal T (=R1) and H (=R2) are
      such that in the machine, T + H = T on the next step  
     (H = step size). Solver will continue anyway.
In above message, R1 = 1, R2 = 7.715e-23
 
DLSODA-  Above warning has been issued I1 times.  
     It will not be issued again for this problem.
In above message, I1 = 10
 
DLSODA-  At T (=R1) and step size H (=R2), the    
      corrector convergence failed repeatedly     
      or with ABS(H) = HMIN   
In above message, R1 = 1.54976, R2 = 3.0869e-08
 
DLSODA-  Warning..Internal T (=R1) and H (=R2) are
      such that in the machine, T + H = T on the next step  
     (H = step size). Solver will continue anyway.
In above message, R1 = 1, R2 = 3.44656e-28
 
DLSODA-  Warning..Internal T (=R1) and H (=R2) are
      such that in the machine, T + H = T on the next step  
     (H = step size). Solver will continue anyway.
In above message, R1 = 1, R2 = 1.71242e-28
 
DLSODA-  Warning..Internal T (=R1) and H (=R2) are
      such that in the machine, T + H = T on the next step  
     (H = step size). Solver will continue anyway.
In above message, R1 = 1, R2 = 3.42485e-28
 
DLSODA-  Warning..Internal T (=R1) and H (=R2) are
      such that in the machine, T + H = T on the next step  
     (H = step size). Solver will continue anyway.
In above message, R1 = 1, R2 = 3.42485e-28
 
DLSODA-  Warning..Internal T (=R1) and H (=R2) are
      such that in the machine, T + H = T on the next step  
     (H = step size). Solver will continue anyway.
In above message, R1 = 1, R2 = 3.42485e-28
 
DLSODA-  Warning..Internal T (=R1) and H (=R2) are
      such that in the machine, T + H = T on the next step  
     (H = step size). Solver will continue anyway.
In above message, R1 = 1, R2 = 3.18419e-27
 
DLSODA-  Warning..Internal T (=R1) and H (=R2) are
      such that in the machine, T + H = T on the next step  
     (H = step size). Solver will continue anyway.
In above message, R1 = 1, R2 = 3.18419e-27
 
DLSODA-  Warning..Internal T (=R1) and H (=R2) are
      such that in the machine, T + H = T on the next step  
     (H = step size). Solver will continue anyway.
In above message, R1 = 1, R2 = 3.18419e-27
 
DLSODA-  Warning..Internal T (=R1) and H (=R2) are
      such that in the machine, T + H = T on the next step  
     (H = step size). Solver will continue anyway.
In above message, R1 = 1, R2 = 3.18419e-27
 
DLSODA-  Warning..Internal T (=R1) and H (=R2) are
      such that in the machine, T + H = T on the next step  
     (H = step size). Solver will continue anyway.
In above message, R1 = 1, R2 = 4.2252e-27
 
DLSODA-  Above warning has been issued I1 times.  
     It will not be issued again for this problem.
In above message, I1 = 10
 
DLSODA-  At T (=R1) and step size H (=R2), the    
      corrector convergence failed repeatedly     
      or with ABS(H) = HMIN   
In above message, R1 = 2.30715, R2 = 7.5439e-07
 
DLSODA-  Warning..Internal T (=R1) and H (=R2) are
      such that in the machine, T + H = T on the next step  
     (H = step size). Solver will continue anyway.
In above message, R1 = 1, R2 = 5.93086e-25
 
DLSODA-  Warning..Internal T (=R1) and H (=R2) are
      such that in the machine, T + H = T on the next step  
     (H = step size). Solver will continue anyway.
In above message, R1 = 1, R2 = 2.37573e-25
 
DLSODA-  Warning..Internal T (=R1) and H (=R2) are
      such that in the machine, T + H = T on the next step  
     (H = step size). Solver will continue anyway.
In above message, R1 = 1, R2 = 4.75145e-25
 
DLSODA-  Warning..Internal T (=R1) and H (=R2) are
      such that in the machine, T + H = T on the next step  
     (H = step size). Solver will continue anyway.
In above message, R1 = 1, R2 = 4.75145e-25
 
DLSODA-  Warning..Internal T (=R1) and H (=R2) are
      such that in the machine, T + H = T on the next step  
     (H = step size). Solver will continue anyway.
In above message, R1 = 1, R2 = 4.75145e-25
 
DLSODA-  Warning..Internal T (=R1) and H (=R2) are
      such that in the machine, T + H = T on the next step  
     (H = step size). Solver will continue anyway.
In above message, R1 = 1, R2 = 3.94935e-24
 
DLSODA-  Warning..Internal T (=R1) and H (=R2) are
      such that in the machine, T + H = T on the next step  
     (H = step size). Solver will continue anyway.
In above message, R1 = 1, R2 = 3.94935e-24
 
DLSODA-  Warning..Internal T (=R1) and H (=R2) are
      such that in the machine, T + H = T on the next step  
     (H = step size). Solver will continue anyway.
In above message, R1 = 1, R2 = 3.94935e-24
 
DLSODA-  Warning..Internal T (=R1) and H (=R2) are
      such that in the machine, T + H = T on the next step  
     (H = step size). Solver will continue anyway.
In above message, R1 = 1, R2 = 3.94935e-24
 
DLSODA-  Warning..Internal T (=R1) and H (=R2) are
      such that in the machine, T + H = T on the next step  
     (H = step size). Solver will continue anyway.
In above message, R1 = 1, R2 = 5.03311e-24
 
DLSODA-  Above warning has been issued I1 times.  
     It will not be issued again for this problem.
In above message, I1 = 10
 
DLSODA-  At T (=R1) and step size H (=R2), the    
      corrector convergence failed repeatedly     
      or with ABS(H) = HMIN   
In above message, R1 = 2.1444, R2 = 3.02041e-09
 
DLSODA-  Warning..Internal T (=R1) and H (=R2) are
      such that in the machine, T + H = T on the next step  
     (H = step size). Solver will continue anyway.
In above message, R1 = 1, R2 = 9.88104e-26
 
DLSODA-  Warning..Internal T (=R1) and H (=R2) are
      such that in the machine, T + H = T on the next step  
     (H = step size). Solver will continue anyway.
In above message, R1 = 1, R2 = 4.30265e-26
 
DLSODA-  Warning..Internal T (=R1) and H (=R2) are
      such that in the machine, T + H = T on the next step  
     (H = step size). Solver will continue anyway.
In above message, R1 = 1, R2 = 8.6053e-26
 
DLSODA-  Warning..Internal T (=R1) and H (=R2) are
      such that in the machine, T + H = T on the next step  
     (H = step size). Solver will continue anyway.
In above message, R1 = 1, R2 = 8.6053e-26
 
DLSODA-  Warning..Internal T (=R1) and H (=R2) are
      such that in the machine, T + H = T on the next step  
     (H = step size). Solver will continue anyway.
In above message, R1 = 1, R2 = 8.6053e-26
 
DLSODA-  Warning..Internal T (=R1) and H (=R2) are
      such that in the machine, T + H = T on the next step  
     (H = step size). Solver will continue anyway.
In above message, R1 = 1, R2 = 7.45624e-25
 
DLSODA-  Warning..Internal T (=R1) and H (=R2) are
      such that in the machine, T + H = T on the next step  
     (H = step size). Solver will continue anyway.
In above message, R1 = 1, R2 = 7.45624e-25
 
DLSODA-  Warning..Internal T (=R1) and H (=R2) are
      such that in the machine, T + H = T on the next step  
     (H = step size). Solver will continue anyway.
In above message, R1 = 1, R2 = 7.45624e-25
 
DLSODA-  Warning..Internal T (=R1) and H (=R2) are
      such that in the machine, T + H = T on the next step  
     (H = step size). Solver will continue anyway.
In above message, R1 = 1, R2 = 7.45624e-25
 
DLSODA-  Warning..Internal T (=R1) and H (=R2) are
      such that in the machine, T + H = T on the next step  
     (H = step size). Solver will continue anyway.
In above message, R1 = 1, R2 = 9.63807e-25
 
DLSODA-  Above warning has been issued I1 times.  
     It will not be issued again for this problem.
In above message, I1 = 10
 
DLSODA-  At T (=R1) and step size H (=R2), the    
      corrector convergence failed repeatedly     
      or with ABS(H) = HMIN   
In above message, R1 = 2.97549, R2 = 6.52999e-07
 
DLSODA-  Warning..Internal T (=R1) and H (=R2) are
      such that in the machine, T + H = T on the next step  
     (H = step size). Solver will continue anyway.
In above message, R1 = 1, R2 = 7.56783e-25
 
DLSODA-  Warning..Internal T (=R1) and H (=R2) are
      such that in the machine, T + H = T on the next step  
     (H = step size). Solver will continue anyway.
In above message, R1 = 1, R2 = 3.02766e-25
 
DLSODA-  Warning..Internal T (=R1) and H (=R2) are
      such that in the machine, T + H = T on the next step  
     (H = step size). Solver will continue anyway.
In above message, R1 = 1, R2 = 6.05532e-25
 
DLSODA-  Warning..Internal T (=R1) and H (=R2) are
      such that in the machine, T + H = T on the next step  
     (H = step size). Solver will continue anyway.
In above message, R1 = 1, R2 = 6.05532e-25
 
DLSODA-  Warning..Internal T (=R1) and H (=R2) are
      such that in the machine, T + H = T on the next step  
     (H = step size). Solver will continue anyway.
In above message, R1 = 1, R2 = 6.05532e-25
 
DLSODA-  Warning..Internal T (=R1) and H (=R2) are
      such that in the machine, T + H = T on the next step  
     (H = step size). Solver will continue anyway.
In above message, R1 = 1, R2 = 5.02999e-24
 
DLSODA-  Warning..Internal T (=R1) and H (=R2) are
      such that in the machine, T + H = T on the next step  
     (H = step size). Solver will continue anyway.
In above message, R1 = 1, R2 = 5.02999e-24
 
DLSODA-  Warning..Internal T (=R1) and H (=R2) are
      such that in the machine, T + H = T on the next step  
     (H = step size). Solver will continue anyway.
In above message, R1 = 1, R2 = 5.02999e-24
 
DLSODA-  Warning..Internal T (=R1) and H (=R2) are
      such that in the machine, T + H = T on the next step  
     (H = step size). Solver will continue anyway.
In above message, R1 = 1, R2 = 5.02999e-24
 
DLSODA-  Warning..Internal T (=R1) and H (=R2) are
      such that in the machine, T + H = T on the next step  
     (H = step size). Solver will continue anyway.
In above message, R1 = 1, R2 = 6.40892e-24
 
DLSODA-  Above warning has been issued I1 times.  
     It will not be issued again for this problem.
In above message, I1 = 10
 
DLSODA-  At T (=R1) and step size H (=R2), the    
      corrector convergence failed repeatedly     
      or with ABS(H) = HMIN   
In above message, R1 = 2.63388, R2 = 6.54164e-07
 
DLSODA-  Warning..Internal T (=R1) and H (=R2) are
      such that in the machine, T + H = T on the next step  
     (H = step size). Solver will continue anyway.
In above message, R1 = 1, R2 = 1.35914e-26
 
DLSODA-  Warning..Internal T (=R1) and H (=R2) are
      such that in the machine, T + H = T on the next step  
     (H = step size). Solver will continue anyway.
In above message, R1 = 1, R2 = 6.31624e-27
 
DLSODA-  Warning..Internal T (=R1) and H (=R2) are
      such that in the machine, T + H = T on the next step  
     (H = step size). Solver will continue anyway.
In above message, R1 = 1, R2 = 1.26325e-26
 
DLSODA-  Warning..Internal T (=R1) and H (=R2) are
      such that in the machine, T + H = T on the next step  
     (H = step size). Solver will continue anyway.
In above message, R1 = 1, R2 = 1.26325e-26
 
DLSODA-  Warning..Internal T (=R1) and H (=R2) are
      such that in the machine, T + H = T on the next step  
     (H = step size). Solver will continue anyway.
In above message, R1 = 1, R2 = 1.26325e-26
 
DLSODA-  Warning..Internal T (=R1) and H (=R2) are
      such that in the machine, T + H = T on the next step  
     (H = step size). Solver will continue anyway.
In above message, R1 = 1, R2 = 1.13081e-25
 
DLSODA-  Warning..Internal T (=R1) and H (=R2) are
      such that in the machine, T + H = T on the next step  
     (H = step size). Solver will continue anyway.
In above message, R1 = 1, R2 = 1.13081e-25
 
DLSODA-  Warning..Internal T (=R1) and H (=R2) are
      such that in the machine, T + H = T on the next step  
     (H = step size). Solver will continue anyway.
In above message, R1 = 1, R2 = 1.13081e-25
 
DLSODA-  Warning..Internal T (=R1) and H (=R2) are
      such that in the machine, T + H = T on the next step  
     (H = step size). Solver will continue anyway.
In above message, R1 = 1, R2 = 1.13081e-25
 
DLSODA-  Warning..Internal T (=R1) and H (=R2) are
      such that in the machine, T + H = T on the next step  
     (H = step size). Solver will continue anyway.
In above message, R1 = 1, R2 = 1.47786e-25
 
DLSODA-  Above warning has been issued I1 times.  
     It will not be issued again for this problem.
In above message, I1 = 10
 
DLSODA-  At T (=R1) and step size H (=R2), the    
      corrector convergence failed repeatedly     
      or with ABS(H) = HMIN   
In above message, R1 = 4.12387, R2 = 6.58739e-07
 
DLSODA-  Warning..Internal T (=R1) and H (=R2) are
      such that in the machine, T + H = T on the next step  
     (H = step size). Solver will continue anyway.
In above message, R1 = 1, R2 = 2.37785e-29
 
DLSODA-  Warning..Internal T (=R1) and H (=R2) are
      such that in the machine, T + H = T on the next step  
     (H = step size). Solver will continue anyway.
In above message, R1 = 1, R2 = 1.57149e-29
 
DLSODA-  Warning..Internal T (=R1) and H (=R2) are
      such that in the machine, T + H = T on the next step  
     (H = step size). Solver will continue anyway.
In above message, R1 = 1, R2 = 3.14299e-29
 
DLSODA-  Warning..Internal T (=R1) and H (=R2) are
      such that in the machine, T + H = T on the next step  
     (H = step size). Solver will continue anyway.
In above message, R1 = 1, R2 = 3.14299e-29
 
DLSODA-  Warning..Internal T (=R1) and H (=R2) are
      such that in the machine, T + H = T on the next step  
     (H = step size). Solver will continue anyway.
In above message, R1 = 1, R2 = 3.14299e-29
 
DLSODA-  Warning..Internal T (=R1) and H (=R2) are
      such that in the machine, T + H = T on the next step  
     (H = step size). Solver will continue anyway.
In above message, R1 = 1, R2 = 3.14299e-28
 
DLSODA-  Warning..Internal T (=R1) and H (=R2) are
      such that in the machine, T + H = T on the next step  
     (H = step size). Solver will continue anyway.
In above message, R1 = 1, R2 = 3.14299e-28
 
DLSODA-  Warning..Internal T (=R1) and H (=R2) are
      such that in the machine, T + H = T on the next step  
     (H = step size). Solver will continue anyway.
In above message, R1 = 1, R2 = 3.14299e-28
 
DLSODA-  Warning..Internal T (=R1) and H (=R2) are
      such that in the machine, T + H = T on the next step  
     (H = step size). Solver will continue anyway.
In above message, R1 = 1, R2 = 3.14299e-28
 
DLSODA-  Warning..Internal T (=R1) and H (=R2) are
      such that in the machine, T + H = T on the next step  
     (H = step size). Solver will continue anyway.
In above message, R1 = 1, R2 = 4.6247e-28
 
DLSODA-  Above warning has been issued I1 times.  
     It will not be issued again for this problem.
In above message, I1 = 10
 
DLSODA-  At T (=R1) and step size H (=R2), the    
      corrector convergence failed repeatedly     
      or with ABS(H) = HMIN   
In above message, R1 = 3.14629, R2 = 6.52601e-07
 
DLSODA-  Warning..Internal T (=R1) and H (=R2) are
      such that in the machine, T + H = T on the next step  
     (H = step size). Solver will continue anyway.
In above message, R1 = 1, R2 = 1.1964e-24
 
DLSODA-  Warning..Internal T (=R1) and H (=R2) are
      such that in the machine, T + H = T on the next step  
     (H = step size). Solver will continue anyway.
In above message, R1 = 1, R2 = 4.63109e-25
 
DLSODA-  Warning..Internal T (=R1) and H (=R2) are
      such that in the machine, T + H = T on the next step  
     (H = step size). Solver will continue anyway.
In above message, R1 = 1, R2 = 9.26217e-25
 
DLSODA-  Warning..Internal T (=R1) and H (=R2) are
      such that in the machine, T + H = T on the next step  
     (H = step size). Solver will continue anyway.
In above message, R1 = 1, R2 = 9.26217e-25
 
DLSODA-  Warning..Internal T (=R1) and H (=R2) are
      such that in the machine, T + H = T on the next step  
     (H = step size). Solver will continue anyway.
In above message, R1 = 1, R2 = 9.26217e-25
 
DLSODA-  Warning..Internal T (=R1) and H (=R2) are
      such that in the machine, T + H = T on the next step  
     (H = step size). Solver will continue anyway.
In above message, R1 = 1, R2 = 7.56877e-24
 
DLSODA-  Warning..Internal T (=R1) and H (=R2) are
      such that in the machine, T + H = T on the next step  
     (H = step size). Solver will continue anyway.
In above message, R1 = 1, R2 = 7.56877e-24
 
DLSODA-  Warning..Internal T (=R1) and H (=R2) are
      such that in the machine, T + H = T on the next step  
     (H = step size). Solver will continue anyway.
In above message, R1 = 1, R2 = 7.56877e-24
 
DLSODA-  Warning..Internal T (=R1) and H (=R2) are
      such that in the machine, T + H = T on the next step  
     (H = step size). Solver will continue anyway.
In above message, R1 = 1, R2 = 7.56877e-24
 
DLSODA-  Warning..Internal T (=R1) and H (=R2) are
      such that in the machine, T + H = T on the next step  
     (H = step size). Solver will continue anyway.
In above message, R1 = 1, R2 = 9.58924e-24
 
DLSODA-  Above warning has been issued I1 times.  
     It will not be issued again for this problem.
In above message, I1 = 10
 
DLSODA-  At T (=R1) and step size H (=R2), the    
      corrector convergence failed repeatedly     
      or with ABS(H) = HMIN   
In above message, R1 = 2.29423, R2 = 7.76332e-07
 
DLSODA-  Warning..Internal T (=R1) and H (=R2) are
      such that in the machine, T + H = T on the next step  
     (H = step size). Solver will continue anyway.
In above message, R1 = 1, R2 = 1.41972e-23
 
DLSODA-  Warning..Internal T (=R1) and H (=R2) are
      such that in the machine, T + H = T on the next step  
     (H = step size). Solver will continue anyway.
In above message, R1 = 1, R2 = 4.80675e-24
 
DLSODA-  Warning..Internal T (=R1) and H (=R2) are
      such that in the machine, T + H = T on the next step  
     (H = step size). Solver will continue anyway.
In above message, R1 = 1, R2 = 9.61351e-24
 
DLSODA-  Warning..Internal T (=R1) and H (=R2) are
      such that in the machine, T + H = T on the next step  
     (H = step size). Solver will continue anyway.
In above message, R1 = 1, R2 = 9.61351e-24
 
DLSODA-  Warning..Internal T (=R1) and H (=R2) are
      such that in the machine, T + H = T on the next step  
     (H = step size). Solver will continue anyway.
In above message, R1 = 1, R2 = 9.61351e-24
 
DLSODA-  Warning..Internal T (=R1) and H (=R2) are
      such that in the machine, T + H = T on the next step  
     (H = step size). Solver will continue anyway.
In above message, R1 = 1, R2 = 7.35255e-23
 
DLSODA-  Warning..Internal T (=R1) and H (=R2) are
      such that in the machine, T + H = T on the next step  
     (H = step size). Solver will continue anyway.
In above message, R1 = 1, R2 = 7.35255e-23
 
DLSODA-  Warning..Internal T (=R1) and H (=R2) are
      such that in the machine, T + H = T on the next step  
     (H = step size). Solver will continue anyway.
In above message, R1 = 1, R2 = 7.35255e-23
 
DLSODA-  Warning..Internal T (=R1) and H (=R2) are
      such that in the machine, T + H = T on the next step  
     (H = step size). Solver will continue anyway.
In above message, R1 = 1, R2 = 7.35255e-23
 
DLSODA-  Warning..Internal T (=R1) and H (=R2) are
      such that in the machine, T + H = T on the next step  
     (H = step size). Solver will continue anyway.
In above message, R1 = 1, R2 = 9.10039e-23
 
DLSODA-  Above warning has been issued I1 times.  
     It will not be issued again for this problem.
In above message, I1 = 10
 
DLSODA-  At T (=R1) and step size H (=R2), the    
      corrector convergence failed repeatedly     
      or with ABS(H) = HMIN   
In above message, R1 = 3.47576, R2 = 7.8261e-07
 
DLSODA-  Warning..Internal T (=R1) and H (=R2) are
      such that in the machine, T + H = T on the next step  
     (H = step size). Solver will continue anyway.
In above message, R1 = 1, R2 = 6.08425e-28
 
DLSODA-  Warning..Internal T (=R1) and H (=R2) are
      such that in the machine, T + H = T on the next step  
     (H = step size). Solver will continue anyway.
In above message, R1 = 1, R2 = 3.00386e-28
 
DLSODA-  Warning..Internal T (=R1) and H (=R2) are
      such that in the machine, T + H = T on the next step  
     (H = step size). Solver will continue anyway.
In above message, R1 = 1, R2 = 6.00771e-28
 
DLSODA-  Warning..Internal T (=R1) and H (=R2) are
      such that in the machine, T + H = T on the next step  
     (H = step size). Solver will continue anyway.
In above message, R1 = 1, R2 = 6.00771e-28
 
DLSODA-  Warning..Internal T (=R1) and H (=R2) are
      such that in the machine, T + H = T on the next step  
     (H = step size). Solver will continue anyway.
In above message, R1 = 1, R2 = 6.00771e-28
 
DLSODA-  Warning..Internal T (=R1) and H (=R2) are
      such that in the machine, T + H = T on the next step  
     (H = step size). Solver will continue anyway.
In above message, R1 = 1, R2 = 5.55944e-27
 
DLSODA-  Warning..Internal T (=R1) and H (=R2) are
      such that in the machine, T + H = T on the next step  
     (H = step size). Solver will continue anyway.
In above message, R1 = 1, R2 = 5.55944e-27
 
DLSODA-  Warning..Internal T (=R1) and H (=R2) are
      such that in the machine, T + H = T on the next step  
     (H = step size). Solver will continue anyway.
In above message, R1 = 1, R2 = 5.55944e-27
 
DLSODA-  Warning..Internal T (=R1) and H (=R2) are
      such that in the machine, T + H = T on the next step  
     (H = step size). Solver will continue anyway.
In above message, R1 = 1, R2 = 5.55944e-27
 
DLSODA-  Warning..Internal T (=R1) and H (=R2) are
      such that in the machine, T + H = T on the next step  
     (H = step size). Solver will continue anyway.
In above message, R1 = 1, R2 = 7.35895e-27
 
DLSODA-  Above warning has been issued I1 times.  
     It will not be issued again for this problem.
In above message, I1 = 10
 
DLSODA-  At T (=R1) and step size H (=R2), the    
      corrector convergence failed repeatedly     
      or with ABS(H) = HMIN   
In above message, R1 = 2.86677, R2 = 1.23525e-07
 
DLSODA-  Warning..Internal T (=R1) and H (=R2) are
      such that in the machine, T + H = T on the next step  
     (H = step size). Solver will continue anyway.
In above message, R1 = 1, R2 = 1.72922e-28
 
DLSODA-  Warning..Internal T (=R1) and H (=R2) are
      such that in the machine, T + H = T on the next step  
     (H = step size). Solver will continue anyway.
In above message, R1 = 1, R2 = 8.79915e-29
 
DLSODA-  Warning..Internal T (=R1) and H (=R2) are
      such that in the machine, T + H = T on the next step  
     (H = step size). Solver will continue anyway.
In above message, R1 = 1, R2 = 1.75983e-28
 
DLSODA-  Warning..Internal T (=R1) and H (=R2) are
      such that in the machine, T + H = T on the next step  
     (H = step size). Solver will continue anyway.
In above message, R1 = 1, R2 = 1.75983e-28
 
DLSODA-  Warning..Internal T (=R1) and H (=R2) are
      such that in the machine, T + H = T on the next step  
     (H = step size). Solver will continue anyway.
In above message, R1 = 1, R2 = 1.75983e-28
 
DLSODA-  Warning..Internal T (=R1) and H (=R2) are
      such that in the machine, T + H = T on the next step  
     (H = step size). Solver will continue anyway.
In above message, R1 = 1, R2 = 1.67444e-27
 
DLSODA-  Warning..Internal T (=R1) and H (=R2) are
      such that in the machine, T + H = T on the next step  
     (H = step size). Solver will continue anyway.
In above message, R1 = 1, R2 = 1.67444e-27
 
DLSODA-  Warning..Internal T (=R1) and H (=R2) are
      such that in the machine, T + H = T on the next step  
     (H = step size). Solver will continue anyway.
In above message, R1 = 1, R2 = 1.67444e-27
 
DLSODA-  Warning..Internal T (=R1) and H (=R2) are
      such that in the machine, T + H = T on the next step  
     (H = step size). Solver will continue anyway.
In above message, R1 = 1, R2 = 1.67444e-27
 
DLSODA-  Warning..Internal T (=R1) and H (=R2) are
      such that in the machine, T + H = T on the next step  
     (H = step size). Solver will continue anyway.
In above message, R1 = 1, R2 = 2.25471e-27
 
DLSODA-  Above warning has been issued I1 times.  
     It will not be issued again for this problem.
In above message, I1 = 10
 
DLSODA-  At T (=R1) and step size H (=R2), the    
      corrector convergence failed repeatedly     
      or with ABS(H) = HMIN   
In above message, R1 = 2.2923, R2 = 7.81535e-07
 
DLSODA-  Warning..Internal T (=R1) and H (=R2) are
      such that in the machine, T + H = T on the next step  
     (H = step size). Solver will continue anyway.
In above message, R1 = 1, R2 = 6.36518e-24
 
DLSODA-  Warning..Internal T (=R1) and H (=R2) are
      such that in the machine, T + H = T on the next step  
     (H = step size). Solver will continue anyway.
In above message, R1 = 1, R2 = 2.28023e-24
 
DLSODA-  Warning..Internal T (=R1) and H (=R2) are
      such that in the machine, T + H = T on the next step  
     (H = step size). Solver will continue anyway.
In above message, R1 = 1, R2 = 4.56045e-24
 
DLSODA-  Warning..Internal T (=R1) and H (=R2) are
      such that in the machine, T + H = T on the next step  
     (H = step size). Solver will continue anyway.
In above message, R1 = 1, R2 = 4.56045e-24
 
DLSODA-  Warning..Internal T (=R1) and H (=R2) are
      such that in the machine, T + H = T on the next step  
     (H = step size). Solver will continue anyway.
In above message, R1 = 1, R2 = 4.56045e-24
 
DLSODA-  Warning..Internal T (=R1) and H (=R2) are
      such that in the machine, T + H = T on the next step  
     (H = step size). Solver will continue anyway.
In above message, R1 = 1, R2 = 3.58641e-23
 
DLSODA-  Warning..Internal T (=R1) and H (=R2) are
      such that in the machine, T + H = T on the next step  
     (H = step size). Solver will continue anyway.
In above message, R1 = 1, R2 = 3.58641e-23
 
DLSODA-  Warning..Internal T (=R1) and H (=R2) are
      such that in the machine, T + H = T on the next step  
     (H = step size). Solver will continue anyway.
In above message, R1 = 1, R2 = 3.58641e-23
 
DLSODA-  Warning..Internal T (=R1) and H (=R2) are
      such that in the machine, T + H = T on the next step  
     (H = step size). Solver will continue anyway.
In above message, R1 = 1, R2 = 3.58641e-23
 
DLSODA-  Warning..Internal T (=R1) and H (=R2) are
      such that in the machine, T + H = T on the next step  
     (H = step size). Solver will continue anyway.
In above message, R1 = 1, R2 = 4.4832e-23
 
DLSODA-  Above warning has been issued I1 times.  
     It will not be issued again for this problem.
In above message, I1 = 10
 
DLSODA-  At T (=R1) and step size H (=R2), the    
      corrector convergence failed repeatedly     
      or with ABS(H) = HMIN   
In above message, R1 = 5.14117, R2 = 7.8784e-07
 
DLSODA-  Warning..Internal T (=R1) and H (=R2) are
      such that in the machine, T + H = T on the next step  
     (H = step size). Solver will continue anyway.
In above message, R1 = 1, R2 = 5.25904e-24
 
DLSODA-  Warning..Internal T (=R1) and H (=R2) are
      such that in the machine, T + H = T on the next step  
     (H = step size). Solver will continue anyway.
In above message, R1 = 1, R2 = 1.83849e-24
 
DLSODA-  Warning..Internal T (=R1) and H (=R2) are
      such that in the machine, T + H = T on the next step  
     (H = step size). Solver will continue anyway.
In above message, R1 = 1, R2 = 3.67698e-24
 
DLSODA-  Warning..Internal T (=R1) and H (=R2) are
      such that in the machine, T + H = T on the next step  
     (H = step size). Solver will continue anyway.
In above message, R1 = 1, R2 = 3.67698e-24
 
DLSODA-  Warning..Internal T (=R1) and H (=R2) are
      such that in the machine, T + H = T on the next step  
     (H = step size). Solver will continue anyway.
In above message, R1 = 1, R2 = 3.67698e-24
 
DLSODA-  Warning..Internal T (=R1) and H (=R2) are
      such that in the machine, T + H = T on the next step  
     (H = step size). Solver will continue anyway.
In above message, R1 = 1, R2 = 2.85696e-23
 
DLSODA-  Warning..Internal T (=R1) and H (=R2) are
      such that in the machine, T + H = T on the next step  
     (H = step size). Solver will continue anyway.
In above message, R1 = 1, R2 = 2.85696e-23
 
DLSODA-  Warning..Internal T (=R1) and H (=R2) are
      such that in the machine, T + H = T on the next step  
     (H = step size). Solver will continue anyway.
In above message, R1 = 1, R2 = 2.85696e-23
 
DLSODA-  Warning..Internal T (=R1) and H (=R2) are
      such that in the machine, T + H = T on the next step  
     (H = step size). Solver will continue anyway.
In above message, R1 = 1, R2 = 2.85696e-23
 
DLSODA-  Warning..Internal T (=R1) and H (=R2) are
      such that in the machine, T + H = T on the next step  
     (H = step size). Solver will continue anyway.
In above message, R1 = 1, R2 = 3.5561e-23
 
DLSODA-  Above warning has been issued I1 times.  
     It will not be issued again for this problem.
In above message, I1 = 10
 
DLSODA-  At T (=R1) and step size H (=R2), the    
      corrector convergence failed repeatedly     
      or with ABS(H) = HMIN   
In above message, R1 = 3.54154, R2 = 3.06207e-09
 
DLSODA-  Warning..Internal T (=R1) and H (=R2) are
      such that in the machine, T + H = T on the next step  
     (H = step size). Solver will continue anyway.
In above message, R1 = 1, R2 = 1.2759e-29
 
DLSODA-  Warning..Internal T (=R1) and H (=R2) are
      such that in the machine, T + H = T on the next step  
     (H = step size). Solver will continue anyway.
In above message, R1 = 1, R2 = 1.2759e-29
 
DLSODA-  Warning..Internal T (=R1) and H (=R2) are
      such that in the machine, T + H = T on the next step  
     (H = step size). Solver will continue anyway.
In above message, R1 = 1, R2 = 6.88816e-29
 
DLSODA-  Warning..Internal T (=R1) and H (=R2) are
      such that in the machine, T + H = T on the next step  
     (H = step size). Solver will continue anyway.
In above message, R1 = 1, R2 = 6.88816e-29
 
DLSODA-  Warning..Internal T (=R1) and H (=R2) are
      such that in the machine, T + H = T on the next step  
     (H = step size). Solver will continue anyway.
In above message, R1 = 1, R2 = 6.88816e-29
 
DLSODA-  Warning..Internal T (=R1) and H (=R2) are
      such that in the machine, T + H = T on the next step  
     (H = step size). Solver will continue anyway.
In above message, R1 = 1, R2 = 2.76607e-28
 
DLSODA-  Warning..Internal T (=R1) and H (=R2) are
      such that in the machine, T + H = T on the next step  
     (H = step size). Solver will continue anyway.
In above message, R1 = 1, R2 = 2.18285e-28
 
DLSODA-  Warning..Internal T (=R1) and H (=R2) are
      such that in the machine, T + H = T on the next step  
     (H = step size). Solver will continue anyway.
In above message, R1 = 1, R2 = 1.72513e-28
 
DLSODA-  Warning..Internal T (=R1) and H (=R2) are
      such that in the machine, T + H = T on the next step  
     (H = step size). Solver will continue anyway.
In above message, R1 = 1, R2 = 1.72513e-28
 
DLSODA-  Warning..Internal T (=R1) and H (=R2) are
      such that in the machine, T + H = T on the next step  
     (H = step size). Solver will continue anyway.
In above message, R1 = 1, R2 = 1.72513e-28
 
DLSODA-  Above warning has been issued I1 times.  
     It will not be issued again for this problem.
In above message, I1 = 10
 
DLSODA-  At T (=R1) and step size H (=R2), the    
      corrector convergence failed repeatedly     
      or with ABS(H) = HMIN   
In above message, R1 = 1.60932, R2 = 1.23654e-07
 
DLSODA-  Warning..Internal T (=R1) and H (=R2) are
      such that in the machine, T + H = T on the next step  
     (H = step size). Solver will continue anyway.
In above message, R1 = 1, R2 = 1.43767e-22
 
DLSODA-  Warning..Internal T (=R1) and H (=R2) are
      such that in the machine, T + H = T on the next step  
     (H = step size). Solver will continue anyway.
In above message, R1 = 1, R2 = 4.0402e-23
 
DLSODA-  Warning..Internal T (=R1) and H (=R2) are
      such that in the machine, T + H = T on the next step  
     (H = step size). Solver will continue anyway.
In above message, R1 = 1, R2 = 8.0804e-23
 
DLSODA-  Warning..Internal T (=R1) and H (=R2) are
      such that in the machine, T + H = T on the next step  
     (H = step size). Solver will continue anyway.
In above message, R1 = 1, R2 = 8.0804e-23
 
DLSODA-  Warning..Internal T (=R1) and H (=R2) are
      such that in the machine, T + H = T on the next step  
     (H = step size). Solver will continue anyway.
In above message, R1 = 1, R2 = 8.0804e-23
 
DLSODA-  Warning..Internal T (=R1) and H (=R2) are
      such that in the machine, T + H = T on the next step  
     (H = step size). Solver will continue anyway.
In above message, R1 = 1, R2 = 5.64206e-22
 
DLSODA-  Warning..Internal T (=R1) and H (=R2) are
      such that in the machine, T + H = T on the next step  
     (H = step size). Solver will continue anyway.
In above message, R1 = 1, R2 = 5.64206e-22
 
DLSODA-  Warning..Internal T (=R1) and H (=R2) are
      such that in the machine, T + H = T on the next step  
     (H = step size). Solver will continue anyway.
In above message, R1 = 1, R2 = 5.64206e-22
 
DLSODA-  Warning..Internal T (=R1) and H (=R2) are
      such that in the machine, T + H = T on the next step  
     (H = step size). Solver will continue anyway.
In above message, R1 = 1, R2 = 5.64206e-22
 
DLSODA-  Warning..Internal T (=R1) and H (=R2) are
      such that in the machine, T + H = T on the next step  
     (H = step size). Solver will continue anyway.
In above message, R1 = 1, R2 = 6.7528e-22
 
DLSODA-  Above warning has been issued I1 times.  
     It will not be issued again for this problem.
In above message, I1 = 10
 
DINTDY-  T (=R1) illegal      
In above message, R1 = 10
 
      T not in interval TCUR - HU (= R1) to TCUR (=R2)      
In above message, R1 = 8.82591, R2 = 9.0109
 
DLSODA-  Trouble in DINTDY.  ITASK = I1, TOUT = R1
In above message, I1 = 1
 
In above message, R1 = 10
 
Error in lsoda(y, times, func, parms, ...) : 
  illegal input detected before taking any integration steps - see written message
Calls: do.call -> <Anonymous> -> ode -> lsoda -> .Call
In addition: There were 50 or more warnings (use warnings() to see the first 50)
Execution halted
